-------------------------------------------------------------------------------
Test set: es.codeurjc.em.snake.SnakeTest
-------------------------------------------------------------------------------
Tests run: 2, Failures: 0, Errors: 1, Skipped: 0, Time elapsed: 3.99 sec <<< FAILURE! - in es.codeurjc.em.snake.SnakeTest
testJoin(es.codeurjc.em.snake.SnakeTest)  Time elapsed: 1.008 sec  <<< ERROR!
java.lang.NullPointerException: null
	at es.codeurjc.em.snake.SnakeTest.testJoin(SnakeTest.java:44)

