<?xml version="1.0" encoding="UTF-8"?>
<testsuite name="es.codeurjc.em.snake.SnakeTest" time="7.158" tests="2" errors="0" skipped="0" failures="1">
  <properties>
[...]
</properties>
  <testcase name="testConnection" classname="es.codeurjc.em.snake.SnakeTest" time="0.137"/>
  <testcase name="testFinJuego" classname="es.codeurjc.em.snake.SnakeTest" time="7.021">
    <failure message="The fist message should contain &apos;finJuego&apos;, but it is {&quot;type&quot;:&quot;jugadorConecta&quot;,&quot;names&quot;:&quot;[\&quot;0\&quot;,\&quot;1\&quot;]&quot;}" type="java.lang.AssertionError">java.lang.AssertionError: The fist message should contain 'finJuego', but it is {"type":"jugadorConecta","names":"[\"0\",\"1\"]"}
	at org.junit.Assert.fail(Assert.java:88)
	at org.junit.Assert.assertTrue(Assert.java:41)
	at es.codeurjc.em.snake.SnakeTest.testFinJuego(SnakeTest.java:231)
</failure>
    <system-out><![CDATA[Connection closed. Session 1
crearSerpiente [Ljava.lang.String;@413ddb2d
crearSerpiente [Ljava.lang.String;@762adcbc
unirGame [Ljava.lang.String;@6ee60354
unirGame [Ljava.lang.String;@688c808e
comenzarPartida [Ljava.lang.String;@6956bf26
2018-05-27 14:09:00.908 ERROR 10504 --- [pool-1-thread-3] es.codeurjc.em.snake.SnakeHandler        : null

java.lang.NullPointerException: null
	at es.codeurjc.em.snake.SnakeHandler$5.ExecuteAction(SnakeHandler.java:239) ~[classes/:na]
	at es.codeurjc.em.snake.SnakeHandler.lambda$handleTextMessage$0(SnakeHandler.java:494) [classes/:na]
	at java.util.concurrent.ThreadPoolExecutor.runWorker(ThreadPoolExecutor.java:1149) ~[na:1.8.0_151]
	at java.util.concurrent.ThreadPoolExecutor$Worker.run(ThreadPoolExecutor.java:624) ~[na:1.8.0_151]
	at java.lang.Thread.run(Thread.java:748) ~[na:1.8.0_151]

//////////////////////////////////////LA SALA ES: prueba3
Sending message {"players":"[\"0\"]","sala":"prueba3","type":"sala"} to 0
Message test: {"type":"jugadorConecta","names":"[\"0\",\"1\"]"}
Message test: {"players":"[\"0\"]","sala":"prueba3","type":"sala"}
Sending message {"type": "join","data":[{"id": 0, "color": "#c5cce6","name":"0","puntos": 0}]} to 0
Message test: {"type":"jugar"}
Message test: {"type": "join","data":[{"id": 0, "color": "#c5cce6","name":"0","puntos": 0}]}
Message test: {"type":"jugadorConecta","names":"[\"0\",\"1\"]"}
Sending message {"type":"update","data":[{"id":0,"body":[{"x": 490, "y": 40}]}],"food":[420,390,"#dfa5e6"]} to 0
Message test: {"type":"update","data":[{"id":0,"body":[{"x": 490, "y": 40}]}],"food":[420,390,"#dfa5e6"]}
Sending message {"type":"update","data":[{"id":0,"body":[{"x": 490, "y": 40}]}],"food":[420,390,"#dfa5e6"]} to 0
Message test: {"type":"update","data":[{"id":0,"body":[{"x": 490, "y": 40}]}],"food":[420,390,"#dfa5e6"]}
Sending message {"type":"update","data":[{"id":0,"body":[{"x": 490, "y": 40}]}],"food":[420,390,"#dfa5e6"]} to 0
Message test: {"type":"update","data":[{"id":0,"body":[{"x": 490, "y": 40}]}],"food":[420,390,"#dfa5e6"]}
Sending message {"type":"update","data":[{"id":0,"body":[{"x": 490, "y": 40}]}],"food":[420,390,"#dfa5e6"]} to 0
Message test: {"type":"update","data":[{"id":0,"body":[{"x": 490, "y": 40}]}],"food":[420,390,"#dfa5e6"]}
Sending message {"type":"update","data":[{"id":0,"body":[{"x": 490, "y": 40}]}],"food":[420,390,"#dfa5e6"]} to 0
Message test: {"type":"update","data":[{"id":0,"body":[{"x": 490, "y": 40}]}],"food":[420,390,"#dfa5e6"]}
Sending message {"type":"update","data":[{"id":0,"body":[{"x": 490, "y": 40}]}],"food":[420,390,"#dfa5e6"]} to 0
Message test: {"type":"update","data":[{"id":0,"body":[{"x": 490, "y": 40}]}],"food":[420,390,"#dfa5e6"]}
Sending message {"type":"update","data":[{"id":0,"body":[{"x": 490, "y": 40}]}],"food":[420,390,"#dfa5e6"]} to 0
Message test: {"type":"update","data":[{"id":0,"body":[{"x": 490, "y": 40}]}],"food":[420,390,"#dfa5e6"]}
Sending message {"type":"update","data":[{"id":0,"body":[{"x": 490, "y": 40}]}],"food":[420,390,"#dfa5e6"]} to 0
Message test: {"type":"update","data":[{"id":0,"body":[{"x": 490, "y": 40}]}],"food":[420,390,"#dfa5e6"]}
Sending message {"type":"update","data":[{"id":0,"body":[{"x": 490, "y": 40}]}],"food":[420,390,"#dfa5e6"]} to 0
Message test: {"type":"update","data":[{"id":0,"body":[{"x": 490, "y": 40}]}],"food":[420,390,"#dfa5e6"]}
Sending message {"type":"update","data":[{"id":0,"body":[{"x": 490, "y": 40}]}],"food":[420,390,"#dfa5e6"]} to 0
Message test: {"type":"update","data":[{"id":0,"body":[{"x": 490, "y": 40}]}],"food":[420,390,"#dfa5e6"]}
Sending message {"type":"update","data":[{"id":0,"body":[{"x": 490, "y": 40}]}],"food":[420,390,"#dfa5e6"]} to 0
Message test: {"type":"update","data":[{"id":0,"body":[{"x": 490, "y": 40}]}],"food":[420,390,"#dfa5e6"]}
Sending message {"type":"update","data":[{"id":0,"body":[{"x": 490, "y": 40}]}],"food":[420,390,"#dfa5e6"]} to 0
Message test: {"type":"update","data":[{"id":0,"body":[{"x": 490, "y": 40}]}],"food":[420,390,"#dfa5e6"]}
Sending message {"type":"update","data":[{"id":0,"body":[{"x": 490, "y": 40}]}],"food":[420,390,"#dfa5e6"]} to 0
Message test: {"type":"update","data":[{"id":0,"body":[{"x": 490, "y": 40}]}],"food":[420,390,"#dfa5e6"]}
Sending message {"type":"update","data":[{"id":0,"body":[{"x": 490, "y": 40}]}],"food":[420,390,"#dfa5e6"]} to 0
Message test: {"type":"update","data":[{"id":0,"body":[{"x": 490, "y": 40}]}],"food":[420,390,"#dfa5e6"]}
Sending message {"type":"update","data":[{"id":0,"body":[{"x": 490, "y": 40}]}],"food":[420,390,"#dfa5e6"]} to 0
Message test: {"type":"update","data":[{"id":0,"body":[{"x": 490, "y": 40}]}],"food":[420,390,"#dfa5e6"]}
Sending message {"type":"update","data":[{"id":0,"body":[{"x": 490, "y": 40}]}],"food":[420,390,"#dfa5e6"]} to 0
Message test: {"type":"update","data":[{"id":0,"body":[{"x": 490, "y": 40}]}],"food":[420,390,"#dfa5e6"]}
Sending message {"type":"update","data":[{"id":0,"body":[{"x": 490, "y": 40}]}],"food":[420,390,"#dfa5e6"]} to 0
Message test: {"type":"update","data":[{"id":0,"body":[{"x": 490, "y": 40}]}],"food":[420,390,"#dfa5e6"]}
Sending message {"type":"update","data":[{"id":0,"body":[{"x": 490, "y": 40}]}],"food":[420,390,"#dfa5e6"]} to 0
Message test: {"type":"update","data":[{"id":0,"body":[{"x": 490, "y": 40}]}],"food":[420,390,"#dfa5e6"]}
Sending message {"type":"update","data":[{"id":0,"body":[{"x": 490, "y": 40}]}],"food":[420,390,"#dfa5e6"]} to 0
Message test: {"type":"update","data":[{"id":0,"body":[{"x": 490, "y": 40}]}],"food":[420,390,"#dfa5e6"]}
Sending message {"type":"update","data":[{"id":0,"body":[{"x": 490, "y": 40}]}],"food":[420,390,"#dfa5e6"]} to 0
Message test: {"type":"update","data":[{"id":0,"body":[{"x": 490, "y": 40}]}],"food":[420,390,"#dfa5e6"]}
Sending message {"type":"update","data":[{"id":0,"body":[{"x": 490, "y": 40}]}],"food":[420,390,"#dfa5e6"]} to 0
Message test: {"type":"update","data":[{"id":0,"body":[{"x": 490, "y": 40}]}],"food":[420,390,"#dfa5e6"]}
Sending message {"type":"update","data":[{"id":0,"body":[{"x": 490, "y": 40}]}],"food":[420,390,"#dfa5e6"]} to 0
Message test: {"type":"update","data":[{"id":0,"body":[{"x": 490, "y": 40}]}],"food":[420,390,"#dfa5e6"]}
Sending message {"type":"update","data":[{"id":0,"body":[{"x": 490, "y": 40}]}],"food":[420,390,"#dfa5e6"]} to 0
Message test: {"type":"update","data":[{"id":0,"body":[{"x": 490, "y": 40}]}],"food":[420,390,"#dfa5e6"]}
Sending message {"type":"update","data":[{"id":0,"body":[{"x": 490, "y": 40}]}],"food":[420,390,"#dfa5e6"]} to 0
Message test: {"type":"update","data":[{"id":0,"body":[{"x": 490, "y": 40}]}],"food":[420,390,"#dfa5e6"]}
Sending message {"type":"update","data":[{"id":0,"body":[{"x": 490, "y": 40}]}],"food":[420,390,"#dfa5e6"]} to 0
Message test: {"type":"update","data":[{"id":0,"body":[{"x": 490, "y": 40}]}],"food":[420,390,"#dfa5e6"]}
Sending message {"type":"update","data":[{"id":0,"body":[{"x": 490, "y": 40}]}],"food":[420,390,"#dfa5e6"]} to 0
Message test: {"type":"update","data":[{"id":0,"body":[{"x": 490, "y": 40}]}],"food":[420,390,"#dfa5e6"]}
Sending message {"type":"update","data":[{"id":0,"body":[{"x": 490, "y": 40}]}],"food":[420,390,"#dfa5e6"]} to 0
Message test: {"type":"update","data":[{"id":0,"body":[{"x": 490, "y": 40}]}],"food":[420,390,"#dfa5e6"]}
Sending message {"type":"update","data":[{"id":0,"body":[{"x": 490, "y": 40}]}],"food":[420,390,"#dfa5e6"]} to 0
Message test: {"type":"update","data":[{"id":0,"body":[{"x": 490, "y": 40}]}],"food":[420,390,"#dfa5e6"]}
Sending message {"type":"update","data":[{"id":0,"body":[{"x": 490, "y": 40}]}],"food":[420,390,"#dfa5e6"]} to 0
Message test: {"type":"update","data":[{"id":0,"body":[{"x": 490, "y": 40}]}],"food":[420,390,"#dfa5e6"]}
Sending message {"type":"update","data":[{"id":0,"body":[{"x": 490, "y": 40}]}],"food":[420,390,"#dfa5e6"]} to 0
Message test: {"type":"update","data":[{"id":0,"body":[{"x": 490, "y": 40}]}],"food":[420,390,"#dfa5e6"]}
Sending message {"type":"update","data":[{"id":0,"body":[{"x": 490, "y": 40}]}],"food":[420,390,"#dfa5e6"]} to 0
Message test: {"type":"update","data":[{"id":0,"body":[{"x": 490, "y": 40}]}],"food":[420,390,"#dfa5e6"]}
Sending message {"type":"update","data":[{"id":0,"body":[{"x": 490, "y": 40}]}],"food":[420,390,"#dfa5e6"]} to 0
Message test: {"type":"update","data":[{"id":0,"body":[{"x": 490, "y": 40}]}],"food":[420,390,"#dfa5e6"]}
Sending message {"type":"update","data":[{"id":0,"body":[{"x": 490, "y": 40}]}],"food":[420,390,"#dfa5e6"]} to 0
Message test: {"type":"update","data":[{"id":0,"body":[{"x": 490, "y": 40}]}],"food":[420,390,"#dfa5e6"]}
Sending message {"type":"update","data":[{"id":0,"body":[{"x": 490, "y": 40}]}],"food":[420,390,"#dfa5e6"]} to 0
Message test: {"type":"update","data":[{"id":0,"body":[{"x": 490, "y": 40}]}],"food":[420,390,"#dfa5e6"]}
Sending message {"type":"update","data":[{"id":0,"body":[{"x": 490, "y": 40}]}],"food":[420,390,"#dfa5e6"]} to 0
Message test: {"type":"update","data":[{"id":0,"body":[{"x": 490, "y": 40}]}],"food":[420,390,"#dfa5e6"]}
Sending message {"type":"update","data":[{"id":0,"body":[{"x": 490, "y": 40}]}],"food":[420,390,"#dfa5e6"]} to 0
Message test: {"type":"update","data":[{"id":0,"body":[{"x": 490, "y": 40}]}],"food":[420,390,"#dfa5e6"]}
Sending message {"type":"update","data":[{"id":0,"body":[{"x": 490, "y": 40}]}],"food":[420,390,"#dfa5e6"]} to 0
Message test: {"type":"update","data":[{"id":0,"body":[{"x": 490, "y": 40}]}],"food":[420,390,"#dfa5e6"]}
Sending message {"type":"update","data":[{"id":0,"body":[{"x": 490, "y": 40}]}],"food":[420,390,"#dfa5e6"]} to 0
Message test: {"type":"update","data":[{"id":0,"body":[{"x": 490, "y": 40}]}],"food":[420,390,"#dfa5e6"]}
Sending message {"type":"update","data":[{"id":0,"body":[{"x": 490, "y": 40}]}],"food":[420,390,"#dfa5e6"]} to 0
Message test: {"type":"update","data":[{"id":0,"body":[{"x": 490, "y": 40}]}],"food":[420,390,"#dfa5e6"]}
Sending message {"type":"update","data":[{"id":0,"body":[{"x": 490, "y": 40}]}],"food":[420,390,"#dfa5e6"]} to 0
Message test: {"type":"update","data":[{"id":0,"body":[{"x": 490, "y": 40}]}],"food":[420,390,"#dfa5e6"]}
Sending message {"type":"update","data":[{"id":0,"body":[{"x": 490, "y": 40}]}],"food":[420,390,"#dfa5e6"]} to 0
Message test: {"type":"update","data":[{"id":0,"body":[{"x": 490, "y": 40}]}],"food":[420,390,"#dfa5e6"]}
Sending message {"type":"update","data":[{"id":0,"body":[{"x": 490, "y": 40}]}],"food":[420,390,"#dfa5e6"]} to 0
Message test: {"type":"update","data":[{"id":0,"body":[{"x": 490, "y": 40}]}],"food":[420,390,"#dfa5e6"]}
Sending message {"type":"update","data":[{"id":0,"body":[{"x": 490, "y": 40}]}],"food":[420,390,"#dfa5e6"]} to 0
Message test: {"type":"update","data":[{"id":0,"body":[{"x": 490, "y": 40}]}],"food":[420,390,"#dfa5e6"]}
Sending message {"type":"update","data":[{"id":0,"body":[{"x": 490, "y": 40}]}],"food":[420,390,"#dfa5e6"]} to 0
Message test: {"type":"update","data":[{"id":0,"body":[{"x": 490, "y": 40}]}],"food":[420,390,"#dfa5e6"]}
Sending message {"type":"update","data":[{"id":0,"body":[{"x": 490, "y": 40}]}],"food":[420,390,"#dfa5e6"]} to 0
Message test: {"type":"update","data":[{"id":0,"body":[{"x": 490, "y": 40}]}],"food":[420,390,"#dfa5e6"]}
Sending message {"type":"update","data":[{"id":0,"body":[{"x": 490, "y": 40}]}],"food":[420,390,"#dfa5e6"]} to 0
Message test: {"type":"update","data":[{"id":0,"body":[{"x": 490, "y": 40}]}],"food":[420,390,"#dfa5e6"]}
Sending message {"type":"update","data":[{"id":0,"body":[{"x": 490, "y": 40}]}],"food":[420,390,"#dfa5e6"]} to 0
Message test: {"type":"update","data":[{"id":0,"body":[{"x": 490, "y": 40}]}],"food":[420,390,"#dfa5e6"]}
Sending message {"type":"update","data":[{"id":0,"body":[{"x": 490, "y": 40}]}],"food":[420,390,"#dfa5e6"]} to 0
Message test: {"type":"update","data":[{"id":0,"body":[{"x": 490, "y": 40}]}],"food":[420,390,"#dfa5e6"]}
Sending message {"type":"update","data":[{"id":0,"body":[{"x": 490, "y": 40}]}],"food":[420,390,"#dfa5e6"]} to 0
Message test: {"type":"update","data":[{"id":0,"body":[{"x": 490, "y": 40}]}],"food":[420,390,"#dfa5e6"]}
salirSala [Ljava.lang.String;@3980b103
]]></system-out>
  </testcase>
</testsuite>