<?xml version="1.0" encoding="UTF-8"?>
<testsuite name="es.codeurjc.em.snake.SnakeTest" time="2.056" tests="2" errors="0" skipped="0" failures="1">
  <properties>
[...]
</properties>
  <testcase name="testConnection" classname="es.codeurjc.em.snake.SnakeTest" time="0.038"/>
  <testcase name="testInicioAutom" classname="es.codeurjc.em.snake.SnakeTest" time="2.018">
    <failure message="The fist message should contain &apos;update&apos;, but it is {&quot;type&quot;:&quot;jugadorConecta&quot;,&quot;names&quot;:&quot;[\&quot;0\&quot;,\&quot;1\&quot;,\&quot;2\&quot;,\&quot;3\&quot;]&quot;}" type="java.lang.AssertionError">java.lang.AssertionError: The fist message should contain 'update', but it is {"type":"jugadorConecta","names":"[\"0\",\"1\",\"2\",\"3\"]"}
	at org.junit.Assert.fail(Assert.java:88)
	at org.junit.Assert.assertTrue(Assert.java:41)
	at es.codeurjc.em.snake.SnakeTest.testInicioAutom(SnakeTest.java:112)
</failure>
    <system-out><![CDATA[Connection closed. Session 0
2018-05-27 12:21:26.361 ERROR 7320 --- [nio-9000-exec-4] w.s.h.ExceptionWebSocketHandlerDecorator : Unhandled error for ExceptionWebSocketHandlerDecorator [delegate=LoggingWebSocketHandlerDecorator [delegate=es.codeurjc.em.snake.SnakeHandler@7fe083b1]]

java.lang.NullPointerException: null
	at es.codeurjc.em.snake.SnakeHandler.afterConnectionClosed(SnakeHandler.java:511) ~[classes/:na]
	at org.springframework.web.socket.handler.WebSocketHandlerDecorator.afterConnectionClosed(WebSocketHandlerDecorator.java:85) ~[spring-websocket-4.3.7.RELEASE.jar:4.3.7.RELEASE]
	at org.springframework.web.socket.handler.LoggingWebSocketHandlerDecorator.afterConnectionClosed(LoggingWebSocketHandlerDecorator.java:72) ~[spring-websocket-4.3.7.RELEASE.jar:4.3.7.RELEASE]
	at org.springframework.web.socket.handler.ExceptionWebSocketHandlerDecorator.afterConnectionClosed(ExceptionWebSocketHandlerDecorator.java:78) ~[spring-websocket-4.3.7.RELEASE.jar:4.3.7.RELEASE]
	at org.springframework.web.socket.adapter.standard.StandardWebSocketHandlerAdapter.onClose(StandardWebSocketHandlerAdapter.java:141) [spring-websocket-4.3.7.RELEASE.jar:4.3.7.RELEASE]
	at org.apache.tomcat.websocket.WsSession.fireEndpointOnClose(WsSession.java:549) [tomcat-embed-websocket-8.5.11.jar:8.5.11]
	at org.apache.tomcat.websocket.WsSession.onClose(WsSession.java:527) [tomcat-embed-websocket-8.5.11.jar:8.5.11]
	at org.apache.tomcat.websocket.WsFrameBase.processDataControl(WsFrameBase.java:348) [tomcat-embed-websocket-8.5.11.jar:8.5.11]
	at org.apache.tomcat.websocket.WsFrameBase.processData(WsFrameBase.java:290) [tomcat-embed-websocket-8.5.11.jar:8.5.11]
	at org.apache.tomcat.websocket.WsFrameBase.processInputBuffer(WsFrameBase.java:130) [tomcat-embed-websocket-8.5.11.jar:8.5.11]
	at org.apache.tomcat.websocket.server.WsFrameServer.onDataAvailable(WsFrameServer.java:73) [tomcat-embed-websocket-8.5.11.jar:8.5.11]
	at org.apache.tomcat.websocket.server.WsHttpUpgradeHandler.upgradeDispatch(WsHttpUpgradeHandler.java:148) [tomcat-embed-websocket-8.5.11.jar:8.5.11]
	at org.apache.coyote.http11.upgrade.UpgradeProcessorInternal.dispatch(UpgradeProcessorInternal.java:54) [tomcat-embed-core-8.5.11.jar:8.5.11]
	at org.apache.coyote.AbstractProcessorLight.process(AbstractProcessorLight.java:53) [tomcat-embed-core-8.5.11.jar:8.5.11]
	at org.apache.coyote.AbstractProtocol$ConnectionHandler.process(AbstractProtocol.java:798) [tomcat-embed-core-8.5.11.jar:8.5.11]
	at org.apache.tomcat.util.net.NioEndpoint$SocketProcessor.doRun(NioEndpoint.java:1434) [tomcat-embed-core-8.5.11.jar:8.5.11]
	at org.apache.tomcat.util.net.SocketProcessorBase.run(SocketProcessorBase.java:49) [tomcat-embed-core-8.5.11.jar:8.5.11]
	at java.util.concurrent.ThreadPoolExecutor.runWorker(ThreadPoolExecutor.java:1142) [na:1.8.0_121]
	at java.util.concurrent.ThreadPoolExecutor$Worker.run(ThreadPoolExecutor.java:617) [na:1.8.0_121]
	at org.apache.tomcat.util.threads.TaskThread$WrappingRunnable.run(TaskThread.java:61) [tomcat-embed-core-8.5.11.jar:8.5.11]
	at java.lang.Thread.run(Thread.java:745) [na:1.8.0_121]

crearSerpiente [Ljava.lang.String;@1675ccce
crearSerpiente [Ljava.lang.String;@70a1f2d1
crearSerpiente [Ljava.lang.String;@d745617
Connected
0 Se conecta a la sala con msg: {"funcion": "unirGame", "params": ["prueba"]}
crearSerpiente [Ljava.lang.String;@25909062
1 Se conecta a la sala con msg: {"funcion": "unirGame", "params": ["prueba"]}
2 Se conecta a la sala con msg: {"funcion": "unirGame", "params": ["prueba"]}
3 Se conecta a la sala con msg: {"funcion": "unirGame", "params": ["prueba"]}
unirGame [Ljava.lang.String;@6256ec5f
unirGame [Ljava.lang.String;@46e95b80
unirGame [Ljava.lang.String;@1db10dec
unirGame [Ljava.lang.String;@43b7324e
2018-05-27 12:21:26.371 ERROR 7320 --- [pool-1-thread-5] es.codeurjc.em.snake.SnakeHandler        : null

java.lang.NullPointerException: null
	at es.codeurjc.em.snake.SnakeHandler$5.ExecuteAction(SnakeHandler.java:239) ~[classes/:na]
	at es.codeurjc.em.snake.SnakeHandler.lambda$handleTextMessage$0(SnakeHandler.java:491) [classes/:na]
	at java.util.concurrent.ThreadPoolExecutor.runWorker(ThreadPoolExecutor.java:1142) ~[na:1.8.0_121]
	at java.util.concurrent.ThreadPoolExecutor$Worker.run(ThreadPoolExecutor.java:617) ~[na:1.8.0_121]
	at java.lang.Thread.run(Thread.java:745) ~[na:1.8.0_121]

2018-05-27 12:21:26.372 ERROR 7320 --- [pool-1-thread-8] es.codeurjc.em.snake.SnakeHandler        : null

java.lang.NullPointerException: null
	at es.codeurjc.em.snake.SnakeHandler$5.ExecuteAction(SnakeHandler.java:239) ~[classes/:na]
	at es.codeurjc.em.snake.SnakeHandler.lambda$handleTextMessage$0(SnakeHandler.java:491) [classes/:na]
	at java.util.concurrent.ThreadPoolExecutor.runWorker(ThreadPoolExecutor.java:1142) ~[na:1.8.0_121]
	at java.util.concurrent.ThreadPoolExecutor$Worker.run(ThreadPoolExecutor.java:617) ~[na:1.8.0_121]
	at java.lang.Thread.run(Thread.java:745) ~[na:1.8.0_121]

2018-05-27 12:21:26.372 ERROR 7320 --- [pool-1-thread-6] es.codeurjc.em.snake.SnakeHandler        : null

java.lang.NullPointerException: null
	at es.codeurjc.em.snake.SnakeHandler$5.ExecuteAction(SnakeHandler.java:239) ~[classes/:na]
	at es.codeurjc.em.snake.SnakeHandler.lambda$handleTextMessage$0(SnakeHandler.java:491) [classes/:na]
	at java.util.concurrent.ThreadPoolExecutor.runWorker(ThreadPoolExecutor.java:1142) ~[na:1.8.0_121]
	at java.util.concurrent.ThreadPoolExecutor$Worker.run(ThreadPoolExecutor.java:617) ~[na:1.8.0_121]
	at java.lang.Thread.run(Thread.java:745) ~[na:1.8.0_121]

2018-05-27 12:21:26.373 ERROR 7320 --- [pool-1-thread-7] es.codeurjc.em.snake.SnakeHandler        : null

java.lang.NullPointerException: null
	at es.codeurjc.em.snake.SnakeHandler$5.ExecuteAction(SnakeHandler.java:239) ~[classes/:na]
	at es.codeurjc.em.snake.SnakeHandler.lambda$handleTextMessage$0(SnakeHandler.java:491) [classes/:na]
	at java.util.concurrent.ThreadPoolExecutor.runWorker(ThreadPoolExecutor.java:1142) ~[na:1.8.0_121]
	at java.util.concurrent.ThreadPoolExecutor$Worker.run(ThreadPoolExecutor.java:617) ~[na:1.8.0_121]
	at java.lang.Thread.run(Thread.java:745) ~[na:1.8.0_121]

TestMessage: {"type":"jugadorConecta","names":"[\"0\",\"1\",\"2\",\"3\"]"}
TestMessage: {"type":"jugadorConecta","names":"[\"0\",\"1\",\"2\",\"3\"]"}
TestMessage: {"type":"jugadorConecta","names":"[\"0\",\"1\",\"2\",\"3\"]"}
TestMessage: {"type":"jugadorConecta","names":"[\"0\",\"1\",\"2\",\"3\"]"}
TestMessage: {"type":"jugadorConecta","names":"[\"0\",\"1\",\"2\",\"3\"]"}
TestMessage: {"type":"jugadorConecta","names":"[\"0\",\"1\",\"2\",\"3\"]"}
TestMessage: {"type":"jugadorConecta","names":"[\"0\",\"1\",\"2\",\"3\"]"}
TestMessage: {"type":"jugadorConecta","names":"[\"0\",\"1\",\"2\",\"3\"]"}
TestMessage: {"type":"jugadorConecta","names":"[\"0\",\"1\",\"2\",\"3\"]"}
TestMessage: {"type":"jugadorConecta","names":"[\"0\",\"1\",\"2\",\"3\"]"}
TestMessage: {"type":"jugadorConecta","names":"[\"0\",\"1\",\"2\",\"3\"]"}
TestMessage: {"type":"jugadorConecta","names":"[\"0\",\"1\",\"2\",\"3\"]"}
TestMessage: {"type":"jugadorConecta","names":"[\"0\",\"1\",\"2\",\"3\"]"}
TestMessage: {"type":"jugadorConecta","names":"[\"0\",\"1\",\"2\",\"3\"]"}
TestMessage: {"type":"jugadorConecta","names":"[\"0\",\"1\",\"2\",\"3\"]"}
TestMessage: {"type":"jugadorConecta","names":"[\"0\",\"1\",\"2\",\"3\"]"}
]]></system-out>
  </testcase>
</testsuite>